c:\users\matt\documents\queen's\third year\cmpe 320\hickory\hangmanpp\debug\vc140.pdb
c:\users\matt\documents\queen's\third year\cmpe 320\hickory\hangmanpp\debug\mysql.obj
c:\users\matt\documents\queen's\third year\cmpe 320\hickory\hangmanpp\debug\storymode.obj
c:\users\matt\documents\queen's\third year\cmpe 320\hickory\hangmanpp\debug\inputprompt.obj
c:\users\matt\documents\queen's\third year\cmpe 320\hickory\hangmanpp\debug\homescreen.obj
c:\users\matt\documents\queen's\third year\cmpe 320\hickory\hangmanpp\debug\hangmansoundplayer.obj
c:\users\matt\documents\queen's\third year\cmpe 320\hickory\hangmanpp\debug\gamescreen.obj
c:\users\matt\documents\queen's\third year\cmpe 320\hickory\hangmanpp\debug\gameparameters.obj
c:\users\matt\documents\queen's\third year\cmpe 320\hickory\hangmanpp\debug\dictionary.obj
c:\users\matt\documents\queen's\third year\cmpe 320\hickory\hangmanpp\debug\appinit.obj
c:\users\matt\documents\queen's\third year\cmpe 320\hickory\hangmanpp\debug\.netframework,version=v4.5.2.assemblyattributes.obj
c:\users\matt\documents\queen's\third year\cmpe 320\hickory\hangmanpp\debug\.netframework,version=v4.5.2.assemblyattributes.asm
c:\users\matt\documents\queen's\third year\cmpe 320\hickory\hangmanpp\debug\hangmanpp.game.gamescreen.resources
c:\users\matt\documents\queen's\third year\cmpe 320\hickory\hangmanpp\debug\hangmanpp.game.homescreen.resources
c:\users\matt\documents\queen's\third year\cmpe 320\hickory\hangmanpp\debug\hangmanpp.game.inputprompt.resources
c:\users\matt\documents\queen's\third year\cmpe 320\hickory\hangmanpp\debug\hangmanpp.game.storymode.resources
c:\users\matt\documents\queen's\third year\cmpe 320\hickory\hangmanpp\debug\hangmanpp.exe
c:\users\matt\documents\queen's\third year\cmpe 320\hickory\hangmanpp\debug\hangmanpp.pdb
c:\users\matt\documents\queen's\third year\cmpe 320\hickory\hangmanpp\debug\hangmanpp.vcxproj.generateresource.cache
c:\users\matt\documents\queen's\third year\cmpe 320\hickory\hangmanpp\debug\hangmanpp.vcxprojresolveassemblyreference.cache
c:\users\matt\documents\queen's\third year\cmpe 320\hickory\hangmanpp\debug\hangmanpp.exe.metagen
c:\users\matt\documents\queen's\third year\cmpe 320\hickory\hangmanpp\debug\hangmanpp.tlog\cl.command.1.tlog
c:\users\matt\documents\queen's\third year\cmpe 320\hickory\hangmanpp\debug\hangmanpp.tlog\cl.read.1.tlog
c:\users\matt\documents\queen's\third year\cmpe 320\hickory\hangmanpp\debug\hangmanpp.tlog\cl.write.1.tlog
c:\users\matt\documents\queen's\third year\cmpe 320\hickory\hangmanpp\debug\hangmanpp.tlog\hangmanpp.write.1u.tlog
c:\users\matt\documents\queen's\third year\cmpe 320\hickory\hangmanpp\debug\hangmanpp.tlog\link.command.1.tlog
c:\users\matt\documents\queen's\third year\cmpe 320\hickory\hangmanpp\debug\hangmanpp.tlog\link.read.1.tlog
c:\users\matt\documents\queen's\third year\cmpe 320\hickory\hangmanpp\debug\hangmanpp.tlog\link.write.1.tlog
c:\users\matt\documents\queen's\third year\cmpe 320\hickory\hangmanpp\debug\hangmanpp.tlog\metagen.read.1.tlog
c:\users\matt\documents\queen's\third year\cmpe 320\hickory\hangmanpp\debug\hangmanpp.tlog\metagen.write.1.tlog
c:\users\matt\documents\queen's\third year\cmpe 320\hickory\hangmanpp\debug\hangmanpp.tlog\rsaenh.dll.bi
c:\users\matt\documents\queen's\third year\cmpe 320\hickory\hangmanpp\debug\hangmanpp.tlog\tzres.dll.bi
